This is pdfTeX, Version 3.14159265-2.6-1.40.19 (TeX Live 2019/dev/Debian) (preloaded format=pdflatex 2019.11.24)  4 JAN 2020 22:03
entering extended mode
 restricted \write18 enabled.
 %&-line parsing enabled.
**rapport.tex
(./rapport.tex
LaTeX2e <2018-12-01>
(/usr/share/texlive/texmf-dist/tex/latex/base/article.cls
Document Class: article 2018/09/03 v1.4i Standard LaTeX document class
(/usr/share/texlive/texmf-dist/tex/latex/base/size12.clo
File: size12.clo 2018/09/03 v1.4i Standard LaTeX file (size option)
)
\c@part=\count80
\c@section=\count81
\c@subsection=\count82
\c@subsubsection=\count83
\c@paragraph=\count84
\c@subparagraph=\count85
\c@figure=\count86
\c@table=\count87
\abovecaptionskip=\skip41
\belowcaptionskip=\skip42
\bibindent=\dimen102
)
(/usr/share/texlive/texmf-dist/tex/latex/base/inputenc.sty
Package: inputenc 2018/08/11 v1.3c Input encoding file
\inpenc@prehook=\toks14
\inpenc@posthook=\toks15
)
(/usr/share/texlive/texmf-dist/tex/latex/base/fontenc.sty
Package: fontenc 2018/08/11 v2.0j Standard LaTeX package

(/usr/share/texlive/texmf-dist/tex/latex/base/t1enc.def
File: t1enc.def 2018/08/11 v2.0j Standard LaTeX file
LaTeX Font Info:    Redeclaring font encoding T1 on input line 48.
))
(/usr/share/texlive/texmf-dist/tex/generic/babel/babel.sty
Package: babel 2018/11/13 3.27 The Babel package

(/usr/share/texlive/texmf-dist/tex/generic/babel/switch.def
File: switch.def 2018/11/13 3.27 Babel switching mechanism
)
(/usr/share/texlive/texmf-dist/tex/generic/babel-french/francais.ldf
Language: francais 2019/01/30 v3.5d French support from the babel system


Package francais.ldf Warning: Option `francais' for Babel is *deprecated*,
(francais.ldf)                it might be removed sooner or later. Please
(francais.ldf)                use `french' instead; reported on input line 31.

(/usr/share/texlive/texmf-dist/tex/generic/babel-french/french.ldf
Language: french 2019/01/30 v3.5d French support from the babel system

(/usr/share/texlive/texmf-dist/tex/generic/babel/babel.def
File: babel.def 2018/11/13 3.27 Babel common definitions
\babel@savecnt=\count88
\U@D=\dimen103

(/usr/share/texlive/texmf-dist/tex/generic/babel/txtbabel.def)
\bbl@dirlevel=\count89
)
\l@acadian = a dialect from \language\l@french 
\FB@nonchar=\count90
Package babel Info: Making : an active character on input line 414.
Package babel Info: Making ; an active character on input line 415.
Package babel Info: Making ! an active character on input line 416.
Package babel Info: Making ? an active character on input line 417.
\FBguill@level=\count91
\FBold@everypar=\toks16
\FB@Mht=\dimen104
\mc@charclass=\count92
\mc@charfam=\count93
\mc@charslot=\count94
\std@mcc=\count95
\dec@mcc=\count96
\c@FBcaption@count=\count97
\listindentFB=\dimen105
\descindentFB=\dimen106
\labelindentFB=\dimen107
\labelwidthFB=\dimen108
\leftmarginFB=\dimen109
\parindentFFN=\dimen110
\FBfnindent=\dimen111
)))
(/usr/share/texlive/texmf-dist/tex/latex/carlisle/scalefnt.sty)
(/usr/share/texlive/texmf-dist/tex/latex/graphics/keyval.sty
Package: keyval 2014/10/28 v1.15 key=value parser (DPC)
\KV@toks@=\toks17
)
(./algorithmeUTF8.sty

LaTeX Warning: You have requested package `algorithmeUTF8',
               but the package provides `algorithme'.

Package: algorithme 2002/12/22 package algorithme
(/usr/share/texlive/texmf-dist/tex/latex/tools/calc.sty
Package: calc 2017/05/25 v4.3 Infix arithmetic (KKT,FJ)
\calc@Acount=\count98
\calc@Bcount=\count99
\calc@Adimen=\dimen112
\calc@Bdimen=\dimen113
\calc@Askip=\skip43
\calc@Bskip=\skip44
LaTeX Info: Redefining \setlength on input line 80.
LaTeX Info: Redefining \addtolength on input line 81.
\calc@Ccount=\count100
\calc@Cskip=\skip45
)
(/usr/share/texlive/texmf-dist/tex/latex/amsfonts/amssymb.sty
Package: amssymb 2013/01/14 v3.01 AMS font symbols

(/usr/share/texlive/texmf-dist/tex/latex/amsfonts/amsfonts.sty
Package: amsfonts 2013/01/14 v3.01 Basic AMSFonts support
\@emptytoks=\toks18
\symAMSa=\mathgroup4
\symAMSb=\mathgroup5
LaTeX Font Info:    Overwriting math alphabet `\mathfrak' in version `bold'
(Font)                  U/euf/m/n --> U/euf/b/n on input line 106.
)))
(/usr/share/texlive/texmf-dist/tex/latex/listings/listings.sty
\lst@mode=\count101
\lst@gtempboxa=\box27
\lst@token=\toks19
\lst@length=\count102
\lst@currlwidth=\dimen114
\lst@column=\count103
\lst@pos=\count104
\lst@lostspace=\dimen115
\lst@width=\dimen116
\lst@newlines=\count105
\lst@lineno=\count106
\lst@maxwidth=\dimen117

(/usr/share/texlive/texmf-dist/tex/latex/listings/lstmisc.sty
File: lstmisc.sty 2018/09/02 1.7 (Carsten Heinz)
\c@lstnumber=\count107
\lst@skipnumbers=\count108
\lst@framebox=\box28
)
(/usr/share/texlive/texmf-dist/tex/latex/listings/listings.cfg
File: listings.cfg 2018/09/02 1.7 listings configuration
))
Package: listings 2018/09/02 1.7 (Carsten Heinz)

(/usr/share/texlive/texmf-dist/tex/latex/tools/verbatim.sty
Package: verbatim 2014/10/28 v1.5q LaTeX2e package for verbatim enhancements
\every@verbatim=\toks20
\verbatim@line=\toks21
\verbatim@in@stream=\read1
)
(/usr/share/texlive/texmf-dist/tex/latex/graphics/graphicx.sty
Package: graphicx 2017/06/01 v1.1a Enhanced LaTeX Graphics (DPC,SPQR)

(/usr/share/texlive/texmf-dist/tex/latex/graphics/graphics.sty
Package: graphics 2017/06/25 v1.2c Standard LaTeX Graphics (DPC,SPQR)

(/usr/share/texlive/texmf-dist/tex/latex/graphics/trig.sty
Package: trig 2016/01/03 v1.10 sin cos tan (DPC)
)
(/usr/share/texlive/texmf-dist/tex/latex/graphics-cfg/graphics.cfg
File: graphics.cfg 2016/06/04 v1.11 sample graphics configuration
)
Package graphics Info: Driver file: pdftex.def on input line 99.

(/usr/share/texlive/texmf-dist/tex/latex/graphics-def/pdftex.def
File: pdftex.def 2018/01/08 v1.0l Graphics/color driver for pdftex
))
\Gin@req@height=\dimen118
\Gin@req@width=\dimen119
)
(./rapport.aux)
\openout1 = `rapport.aux'.

LaTeX Font Info:    Checking defaults for OML/cmm/m/it on input line 17.
LaTeX Font Info:    ... okay on input line 17.
LaTeX Font Info:    Checking defaults for T1/cmr/m/n on input line 17.
LaTeX Font Info:    ... okay on input line 17.
LaTeX Font Info:    Checking defaults for OT1/cmr/m/n on input line 17.
LaTeX Font Info:    ... okay on input line 17.
LaTeX Font Info:    Checking defaults for OMS/cmsy/m/n on input line 17.
LaTeX Font Info:    ... okay on input line 17.
LaTeX Font Info:    Checking defaults for OMX/cmex/m/n on input line 17.
LaTeX Font Info:    ... okay on input line 17.
LaTeX Font Info:    Checking defaults for U/cmr/m/n on input line 17.
LaTeX Font Info:    ... okay on input line 17.
LaTeX Info: Redefining \degres on input line 17.
LaTeX Info: Redefining \dots on input line 17.
LaTeX Info: Redefining \up on input line 17.
\c@lstlisting=\count109

(/usr/share/texlive/texmf-dist/tex/context/base/mkii/supp-pdf.mkii
[Loading MPS to PDF converter (version 2006.09.02).]
\scratchcounter=\count110
\scratchdimen=\dimen120
\scratchbox=\box29
\nofMPsegments=\count111
\nofMParguments=\count112
\everyMPshowfont=\toks22
\MPscratchCnt=\count113
\MPscratchDim=\dimen121
\MPnumerator=\count114
\makeMPintoPDFobject=\count115
\everyMPtoPDFconversion=\toks23
) (/usr/share/texlive/texmf-dist/tex/latex/oberdiek/epstopdf-base.sty
Package: epstopdf-base 2016/05/15 v2.6 Base part for package epstopdf

(/usr/share/texlive/texmf-dist/tex/generic/oberdiek/infwarerr.sty
Package: infwarerr 2016/05/16 v1.4 Providing info/warning/error messages (HO)
)
(/usr/share/texlive/texmf-dist/tex/latex/oberdiek/grfext.sty
Package: grfext 2016/05/16 v1.2 Manage graphics extensions (HO)

(/usr/share/texlive/texmf-dist/tex/generic/oberdiek/kvdefinekeys.sty
Package: kvdefinekeys 2016/05/16 v1.4 Define keys (HO)

(/usr/share/texlive/texmf-dist/tex/generic/oberdiek/ltxcmds.sty
Package: ltxcmds 2016/05/16 v1.23 LaTeX kernel commands for general use (HO)
)))
(/usr/share/texlive/texmf-dist/tex/latex/oberdiek/kvoptions.sty
Package: kvoptions 2016/05/16 v3.12 Key value format for package options (HO)

(/usr/share/texlive/texmf-dist/tex/generic/oberdiek/kvsetkeys.sty
Package: kvsetkeys 2016/05/16 v1.17 Key value parser (HO)

(/usr/share/texlive/texmf-dist/tex/generic/oberdiek/etexcmds.sty
Package: etexcmds 2016/05/16 v1.6 Avoid name clashes with e-TeX commands (HO)

(/usr/share/texlive/texmf-dist/tex/generic/oberdiek/ifluatex.sty
Package: ifluatex 2016/05/16 v1.4 Provides the ifluatex switch (HO)
Package ifluatex Info: LuaTeX not detected.
))))
(/usr/share/texlive/texmf-dist/tex/generic/oberdiek/pdftexcmds.sty
Package: pdftexcmds 2018/09/10 v0.29 Utility functions of pdfTeX for LuaTeX (HO
)

(/usr/share/texlive/texmf-dist/tex/generic/oberdiek/ifpdf.sty
Package: ifpdf 2018/09/07 v3.3 Provides the ifpdf switch
)
Package pdftexcmds Info: LuaTeX not detected.
Package pdftexcmds Info: \pdf@primitive is available.
Package pdftexcmds Info: \pdf@ifprimitive is available.
Package pdftexcmds Info: \pdfdraftmode found.
)
Package epstopdf-base Info: Redefining graphics rule for `.eps' on input line 4
38.
Package grfext Info: Graphics extension search list:
(grfext)             [.pdf,.png,.jpg,.mps,.jpeg,.jbig2,.jb2,.PDF,.PNG,.JPG,.JPE
G,.JBIG2,.JB2,.eps]
(grfext)             \AppendGraphicsExtensions on input line 456.

(/usr/share/texlive/texmf-dist/tex/latex/latexconfig/epstopdf-sys.cfg
File: epstopdf-sys.cfg 2010/07/13 v1.3 Configuration of (r)epstopdf for TeX Liv
e
))
LaTeX Font Info:    Try loading font information for U+msa on input line 18.

(/usr/share/texlive/texmf-dist/tex/latex/amsfonts/umsa.fd
File: umsa.fd 2013/01/14 v3.01 AMS symbols A
)
LaTeX Font Info:    Try loading font information for U+msb on input line 18.

(/usr/share/texlive/texmf-dist/tex/latex/amsfonts/umsb.fd
File: umsb.fd 2013/01/14 v3.01 AMS symbols B
) (./rapport.toc
[1

{/var/lib/texmf/fonts/map/pdftex/updmap/pdftex.map}])
\tf@toc=\write3
\openout3 = `rapport.toc'.

 (./TAD.tex
LaTeX Font Info:    Try loading font information for T1+cmss on input line 4.

(/usr/share/texlive/texmf-dist/tex/latex/base/t1cmss.fd
File: t1cmss.fd 2014/09/29 v2.5h Standard LaTeX font definitions
) [2] [3])
(./signatures.tex [4] [5] [6]) (./algos.tex [7]
Overfull \hbox (5.27832pt too wide) in paragraph at lines 52--52
[]\T1/cmr/bx/n/12 si \T1/cmr/m/n/12 ob-te-nir-Cou-leur(obtenirPion(defPosition(
i,j),pl))=Blanc \T1/cmr/bx/n/12 alors      
 []


Overfull \hbox (44.80711pt too wide) in paragraph at lines 52--52
[]\T1/cmr/bx/n/12 retourner \T1/cmr/m/n/12 VRAI , Blanc   $\OML/cmm/m/it/12 onr
etourneVRAIsiegaliteetunecouleurpardefaut$ 
 []


Overfull \hbox (24.33127pt too wide) in paragraph at lines 79--79
[]\T1/cmr/bx/n/12 si \T1/cmr/m/n/12 coup-Va-lide(creerPion(couleurJoueurCourant
),defPosition(i,j),pl) \T1/cmr/bx/n/12 alors
 []


Underfull \hbox (badness 10000) in paragraph at lines 79--79

 []

[8]
Overfull \hbox (105.31224pt too wide) in paragraph at lines 178--178
[]\T1/cmr/bx/n/12 fonction \T1/cmr/m/n/12 test-Mo-dif-Di-rec-tion\T1/cmr/bx/n/1
2 ( \T1/cmr/m/n/12 pl : Pla-teau, le-Coup : Coup, di-rec-tion : {HG,H,HD,D,BD,B
,BG,G}\T1/cmr/bx/n/12 )
 []

[9]
Overfull \hbox (29.99959pt too wide) in paragraph at lines 178--178
[]\T1/cmr/m/n/12 positionAtester $\OMS/cmsy/m/n/12  $ \T1/cmr/m/n/12 def-Po-si-
tion(obtenirX(obtenirPosCoup(leCoup)+incrementX,
 []


Overfull \hbox (46.36766pt too wide) in paragraph at lines 178--178
[]\T1/cmr/bx/n/12 si \T1/cmr/m/n/12 ob-te-nir-Cou-leur-Coup(leCoup) = ob-te-nir
-Cou-leur(obtenirPion(positionAtester,pl))
 []


Overfull \hbox (6.05884pt too wide) in paragraph at lines 178--178
\T1/cmr/m/n/12 et (0 $\U/msa/m/n/12 6$ \T1/cmr/m/n/12 ob-te-nirX(positionAteste
r) $\U/msa/m/n/12 6$ \T1/cmr/m/n/12 8) et (0 $\U/msa/m/n/12 6$ \T1/cmr/m/n/12 o
b-te-nirY(positionAtester)
 []

[10]
Overfull \hbox (16.93245pt too wide) in paragraph at lines 178--178
\T1/cmr/m/n/12 Cou-leur(obtenirPion(positionAtester,pl)) = ob-te-nir-Cou-leur-C
oup(leCoup))
 []


Underfull \hbox (badness 10000) in paragraph at lines 188--188

 []

[11]
Overfull \hbox (35.86642pt too wide) in paragraph at lines 264--264
[]\T1/cmr/m/n/12 (1 $\U/msa/m/n/12 6$ \T1/cmr/m/n/12 ob-te-nirx(obtenirPosition
(leCoup)) $\U/msa/m/n/12 6$ \T1/cmr/m/n/12 le-Pla-teau.largeur)
 []


Overfull \hbox (2.20352pt too wide) in paragraph at lines 264--264
[]\T1/cmr/bx/n/12 si \T1/cmr/m/n/12 (est-Vide(obtenirPosition(leCoup), le-Pla-t
eau)) et (re-tour-ne-rAu-Moin-sUn-
 []

[12]
Overfull \hbox (45.72769pt too wide) in paragraph at lines 302--302
[]\T1/cmr/m/n/12 lePionModifie.couleurPion $\OMS/cmsy/m/n/12  $ \T1/cmr/m/n/12 
chan-ger-Cou-leur(obtenirCouleurPion(lePionModifie))
 []


Underfull \hbox (badness 10000) in paragraph at lines 302--302

 []


Overfull \hbox (5.11253pt too wide) in paragraph at lines 328--328
[]\T1/cmr/m/n/12 nouveauCoup.position $\OMS/cmsy/m/n/12  $ \T1/cmr/m/n/12 def-P
o-si-tion(caractereEnEntier(lire(abscisse)), ca-
 []


Overfull \hbox (1.7549pt too wide) in paragraph at lines 328--328
[]\T1/cmr/bx/n/12 si \T1/cmr/m/n/12 coup-Va-lide(nouveauCoup, pio-nA-Pla-cer, o
b-te-nir-Po-si-tion(nouveauCoup),
 []

[13] [14]
Overfull \hbox (90.72647pt too wide) in paragraph at lines 393--393
[]\T1/cmr/m/n/12 ScoreTemp $\OMS/cmsy/m/n/12  $ \T1/cmr/m/n/12 Sco-re-DUn-Coup(
pl,CouleurReference,CoupTest,profondeur,Alpha,Beta)
 []


Underfull \hbox (badness 10000) in paragraph at lines 393--393

 []


Overfull \hbox (180.65358pt too wide) in paragraph at lines 417--417
[]\T1/cmr/bx/n/12 fonction \T1/cmr/m/n/12 Sco-re-DUn-Coup\T1/cmr/bx/n/12 ( \T1/
cmr/m/n/12 pl :pla-teau,CouleurReference :Cou-leur,coup :Coup,profondeur :\T1/c
mr/bx/n/12 Naturel\T1/cmr/m/n/12 ,Alpha :\T1/cmr/bx/n/12 Reel\T1/cmr/m/n/12 ,
 []


Overfull \hbox (105.34834pt too wide) in paragraph at lines 417--417
[]\T1/cmr/bx/n/12 retourner \T1/cmr/m/n/12 AlphaBeta(GrilleTemp,CouleurReferenc
e,AutreCouleur,Alpha,Beta,profondeur-
 []


Overfull \hbox (23.74757pt too wide) in paragraph at lines 465--465
[]\T1/cmr/bx/n/12 fonction \T1/cmr/m/n/12 Al-pha-Beta\T1/cmr/bx/n/12 ( \T1/cmr/
m/n/12 pl :pla-teau,CouleurReference :Cou-leur,CouleurActuel :Cou-
 []

[15]
Overfull \hbox (124.17174pt too wide) in paragraph at lines 465--465
[]\T1/cmr/m/n/12 res $\OMS/cmsy/m/n/12  $ \T1/cmr/m/n/12 Sco-re-DUn-Coup(pl,Cou
leurReference,iemeCoup(CoupsPossible,1)profondeur,Alpha,Beta)
 []


Underfull \hbox (badness 10000) in paragraph at lines 465--465

 []


Overfull \hbox (135.91882pt too wide) in paragraph at lines 465--465
[]\T1/cmr/m/n/12 score $\OMS/cmsy/m/n/12  $ \T1/cmr/m/n/12 Sco-re-DUn-Coup(pl,C
ouleurReference,iemeCoup(CoupsPossible,i),profondeur,Alpha,Beta)
 []


Underfull \hbox (badness 10000) in paragraph at lines 465--465

 []

[16]
Overfull \hbox (1.02391pt too wide) in paragraph at lines 518--518
\T1/cmr/m/n/12 Boo-leen, un-Pla-teau : Pla-teau, coup-Joueur1, coup-Joueur2, co
u-
 []


Overfull \hbox (27.03929pt too wide) in paragraph at lines 518--518
[]\T1/cmr/m/n/12 coupJoueur1 $\OMS/cmsy/m/n/12  $ \T1/cmr/m/n/12 pla-cer-Coup(u
nPlateau, non(partieTerminee(unPlateau)))
 []


Underfull \hbox (badness 10000) in paragraph at lines 518--518

 []


Overfull \hbox (27.03929pt too wide) in paragraph at lines 518--518
[]\T1/cmr/m/n/12 coupJoueur2 $\OMS/cmsy/m/n/12  $ \T1/cmr/m/n/12 pla-cer-Coup(u
nPlateau, non(partieTerminee(unPlateau)))
 []


Underfull \hbox (badness 10000) in paragraph at lines 518--518

 []


Overfull \hbox (21.16573pt too wide) in paragraph at lines 518--518
[]\T1/cmr/m/n/12 coupJoueur $\OMS/cmsy/m/n/12  $ \T1/cmr/m/n/12 pla-cer-Coup(un
Plateau, non(partieTerminee(unPlateau)))
 []


Underfull \hbox (badness 10000) in paragraph at lines 518--518

 []

[17]) [18] (./rapport.aux) ) 
Here is how much of TeX's memory you used:
 4902 strings out of 494459
 68359 string characters out of 6174602
 139365 words of memory out of 5000000
 8494 multiletter control sequences out of 15000+600000
 19281 words of font info for 54 fonts, out of 8000000 for 9000
 59 hyphenation exceptions out of 8191
 41i,6n,37p,315b,423s stack positions out of 5000i,500n,10000p,200000b,80000s
 </home/lise/.texlive2018/texmf-var/fonts/pk/ljfour
/jknappen/ec/ecti1200.600pk> </home/lise/.texlive2018/texmf-var/fonts/pk/ljfour
/jknappen/ec/ecss1200.600pk> </home/lise/.texlive2018/texmf-var/fonts/pk/ljfour
/jknappen/ec/ecsx1200.600pk> </home/lise/.texlive2018/texmf-var/fonts/pk/ljfour
/jknappen/ec/ecrm1200.600pk> </home/lise/.texlive2018/texmf-var/fonts/pk/ljfour
/jknappen/ec/ecbx1200.600pk> </home/lise/.texlive2018/texmf-var/fonts/pk/ljfour
/jknappen/ec/ecbx1728.600pk> </home/lise/.texlive2018/texmf-var/fonts/pk/ljfour
/jknappen/ec/ecrm1440.600pk> </home/lise/.texlive2018/texmf-var/fonts/pk/ljfour
/jknappen/ec/ecbx1440.600pk> </home/lise/.texlive2018/texmf-var/fonts/pk/ljfour
/jknappen/ec/ecrm2488.600pk> </home/lise/.texlive2018/texmf-var/fonts/pk/ljfour
/jknappen/ec/ecrm2074.600pk></usr/share/texlive/texmf-dist/fonts/type1/public/a
msfonts/cm/cmmi12.pfb></usr/share/texlive/texmf-dist/fonts/type1/public/amsfont
s/cm/cmr12.pfb></usr/share/texlive/texmf-dist/fonts/type1/public/amsfonts/cm/cm
sy10.pfb></usr/share/texlive/texmf-dist/fonts/type1/public/amsfonts/symbols/msa
m10.pfb>
Output written on rapport.pdf (18 pages, 155936 bytes).
PDF statistics:
 434 PDF objects out of 1000 (max. 8388607)
 93 compressed objects within 1 object stream
 0 named destinations out of 1000 (max. 500000)
 1 words of extra memory for PDF output out of 10000 (max. 10000000)

